[2025-11-18 10:09:36] [L] galaxy property is null or empty 
[2025-11-18 10:09:36] [L] Non-GB Project : ScreenShoterJetpackCompose 
[2025-11-18 10:09:36] [L] allprojects : project : app 
[2025-11-18 10:09:36] [L] Non-GB Project : app 
[2025-11-18 10:09:36] [D] gradle projects loaded 
[2025-11-18 10:09:36] [L] Maven repo base URL : null 
[2025-11-18 10:10:27] [L] galaxy property is null or empty 
[2025-11-18 10:10:27] [L] Non-GB Project : ScreenShoterJetpackCompose 
[2025-11-18 10:10:27] [L] allprojects : project : app 
[2025-11-18 10:10:27] [L] Non-GB Project : app 
[2025-11-18 10:10:27] [D] gradle projects loaded 
[2025-11-18 10:10:27] [L] Maven repo base URL : null 
[2025-11-18 10:10:53] [D] gradle projects evaluated 
[2025-11-18 10:25:50] [L] galaxy property is null or empty 
[2025-11-18 10:25:50] [L] Non-GB Project : ScreenShoterJetpackCompose 
[2025-11-18 10:25:50] [L] allprojects : project : app 
[2025-11-18 10:25:50] [L] Non-GB Project : app 
[2025-11-18 10:25:50] [D] gradle projects loaded 
[2025-11-18 10:25:50] [L] Maven repo base URL : null 
[2025-11-18 10:25:58] [D] gradle projects evaluated 
[2025-11-18 10:28:38] [L] galaxy property is null or empty 
[2025-11-18 10:28:38] [L] Non-GB Project : ScreenShoterJetpackCompose 
[2025-11-18 10:28:38] [L] allprojects : project : app 
[2025-11-18 10:28:38] [L] Non-GB Project : app 
[2025-11-18 10:28:38] [D] gradle projects loaded 
[2025-11-18 10:28:38] [L] Maven repo base URL : null 
[2025-11-18 10:28:40] [D] gradle projects evaluated 
[2025-11-18 10:30:53] [L] galaxy property is null or empty 
[2025-11-18 10:30:53] [L] Non-GB Project : ScreenShoterJetpackCompose 
[2025-11-18 10:30:53] [L] allprojects : project : app 
[2025-11-18 10:30:53] [L] Non-GB Project : app 
[2025-11-18 10:30:53] [D] gradle projects loaded 
[2025-11-18 10:30:53] [L] Maven repo base URL : null 
[2025-11-18 10:30:57] [D] gradle projects evaluated 
[2025-11-18 10:32:31] [L] galaxy property is null or empty 
[2025-11-18 10:32:31] [L] Non-GB Project : ScreenShoterJetpackCompose 
[2025-11-18 10:32:31] [L] allprojects : project : app 
[2025-11-18 10:32:31] [L] Non-GB Project : app 
[2025-11-18 10:32:31] [D] gradle projects loaded 
[2025-11-18 10:32:31] [L] Maven repo base URL : null 
[2025-11-18 10:32:35] [D] gradle projects evaluated 
[2025-11-18 10:39:06] [L] galaxy property is null or empty 
[2025-11-18 10:39:06] [L] Non-GB Project : ScreenShoterJetpackCompose 
[2025-11-18 10:39:06] [L] allprojects : project : app 
[2025-11-18 10:39:06] [L] Non-GB Project : app 
[2025-11-18 10:39:06] [D] gradle projects loaded 
[2025-11-18 10:39:06] [L] Maven repo base URL : null 
[2025-11-18 10:39:08] [D] gradle projects evaluated 
[2025-11-18 10:47:18] [L] galaxy property is null or empty 
[2025-11-18 10:47:18] [L] Non-GB Project : ScreenShoterJetpackCompose 
[2025-11-18 10:47:18] [L] allprojects : project : app 
[2025-11-18 10:47:18] [L] Non-GB Project : app 
[2025-11-18 10:47:18] [D] gradle projects loaded 
[2025-11-18 10:47:18] [L] Maven repo base URL : null 
[2025-11-18 10:47:21] [D] gradle projects evaluated 
